2024-09-23T17:06:23.184+03:00  INFO 19464 --- [reproduct-api] [main] com.at.MainApiApplication                : Starting MainApiApplication using Java 22.0.1 with PID 19464 (C:\Users\DELL\OneDrive - NeoSOFT Pvt Ltd\Documents\Neosoft\spring-boot-vue3\backend\target\classes started by DELL in C:\Users\DELL\OneDrive - NeoSOFT Pvt Ltd\Documents\Neosoft\spring-boot-vue3\backend)
2024-09-23T17:06:23.186+03:00  INFO 19464 --- [reproduct-api] [main] com.at.MainApiApplication                : No active profile set, falling back to 1 default profile: "default"
2024-09-23T17:06:24.233+03:00  INFO 19464 --- [reproduct-api] [main] .s.d.r.c.RepositoryConfigurationDelegate : Bootstrapping Spring Data JPA repositories in DEFAULT mode.
2024-09-23T17:06:24.304+03:00  INFO 19464 --- [reproduct-api] [main] .s.d.r.c.RepositoryConfigurationDelegate : Finished Spring Data repository scanning in 54 ms. Found 1 JPA repository interface.
2024-09-23T17:06:24.963+03:00  INFO 19464 --- [reproduct-api] [main] o.s.b.w.embedded.tomcat.TomcatWebServer  : Tomcat initialized with port 8088 (http)
2024-09-23T17:06:24.978+03:00  INFO 19464 --- [reproduct-api] [main] o.apache.catalina.core.StandardService   : Starting service [Tomcat]
2024-09-23T17:06:24.978+03:00  INFO 19464 --- [reproduct-api] [main] o.apache.catalina.core.StandardEngine    : Starting Servlet engine: [Apache Tomcat/10.1.17]
2024-09-23T17:06:25.053+03:00  INFO 19464 --- [reproduct-api] [main] o.a.c.c.C.[Tomcat].[localhost].[/]       : Initializing Spring embedded WebApplicationContext
2024-09-23T17:06:25.054+03:00  INFO 19464 --- [reproduct-api] [main] w.s.c.ServletWebServerApplicationContext : Root WebApplicationContext: initialization completed in 1782 ms
2024-09-23T17:06:25.172+03:00  INFO 19464 --- [reproduct-api] [main] com.zaxxer.hikari.HikariDataSource       : HikariPool-1 - Starting...
2024-09-23T17:06:25.553+03:00  INFO 19464 --- [reproduct-api] [main] com.zaxxer.hikari.pool.HikariPool        : HikariPool-1 - Added connection com.mysql.cj.jdbc.ConnectionImpl@7ceb6c45
2024-09-23T17:06:25.555+03:00  INFO 19464 --- [reproduct-api] [main] com.zaxxer.hikari.HikariDataSource       : HikariPool-1 - Start completed.
2024-09-23T17:06:25.647+03:00  INFO 19464 --- [reproduct-api] [main] o.f.c.internal.license.VersionPrinter    : Flyway Community Edition 9.22.3 by Redgate
2024-09-23T17:06:25.648+03:00  INFO 19464 --- [reproduct-api] [main] o.f.c.internal.license.VersionPrinter    : See release notes here: https://rd.gt/416ObMi
2024-09-23T17:06:25.648+03:00  INFO 19464 --- [reproduct-api] [main] o.f.c.internal.license.VersionPrinter    : 
2024-09-23T17:06:25.663+03:00  INFO 19464 --- [reproduct-api] [main] org.flywaydb.core.FlywayExecutor         : Database: jdbc:mysql://localhost:3306/mdti (MySQL 8.0)
2024-09-23T17:06:25.703+03:00  INFO 19464 --- [reproduct-api] [main] o.f.core.internal.command.DbValidate     : Successfully validated 0 migrations (execution time 00:00.013s)
2024-09-23T17:06:25.703+03:00  WARN 19464 --- [reproduct-api] [main] o.f.core.internal.command.DbValidate     : No migrations found. Are your locations set up correctly?
2024-09-23T17:06:25.720+03:00  INFO 19464 --- [reproduct-api] [main] o.f.core.internal.command.DbMigrate      : Current version of schema `mdti`: << Empty Schema >>
2024-09-23T17:06:25.721+03:00  WARN 19464 --- [reproduct-api] [main] o.f.core.internal.command.DbMigrate      : outOfOrder mode is active. Migration of schema `mdti` may not be reproducible.
2024-09-23T17:06:25.727+03:00  INFO 19464 --- [reproduct-api] [main] o.f.core.internal.command.DbMigrate      : Schema `mdti` is up to date. No migration necessary.
2024-09-23T17:06:25.873+03:00  INFO 19464 --- [reproduct-api] [main] o.hibernate.jpa.internal.util.LogHelper  : HHH000204: Processing PersistenceUnitInfo [name: default]
2024-09-23T17:06:25.938+03:00  INFO 19464 --- [reproduct-api] [main] org.hibernate.Version                    : HHH000412: Hibernate ORM core version 6.4.1.Final
2024-09-23T17:06:25.976+03:00  INFO 19464 --- [reproduct-api] [main] o.h.c.internal.RegionFactoryInitiator    : HHH000026: Second-level cache disabled
2024-09-23T17:06:26.203+03:00  INFO 19464 --- [reproduct-api] [main] o.s.o.j.p.SpringPersistenceUnitInfo      : No LoadTimeWeaver setup: ignoring JPA class transformer
2024-09-23T17:06:26.261+03:00  WARN 19464 --- [reproduct-api] [main] org.hibernate.orm.deprecation            : HHH90000025: MySQLDialect does not need to be specified explicitly using 'hibernate.dialect' (remove the property setting and it will be selected by default)
2024-09-23T17:06:27.056+03:00  INFO 19464 --- [reproduct-api] [main] o.h.e.t.j.p.i.JtaPlatformInitiator       : HHH000489: No JTA platform available (set 'hibernate.transaction.jta.platform' to enable JTA platform integration)
2024-09-23T17:06:27.099+03:00  INFO 19464 --- [reproduct-api] [main] j.LocalContainerEntityManagerFactoryBean : Initialized JPA EntityManagerFactory for persistence unit 'default'
2024-09-23T17:06:27.596+03:00  WARN 19464 --- [reproduct-api] [main] JpaBaseConfiguration$JpaWebConfiguration : spring.jpa.open-in-view is enabled by default. Therefore, database queries may be performed during view rendering. Explicitly configure spring.jpa.open-in-view to disable this warning
2024-09-23T17:06:27.985+03:00  INFO 19464 --- [reproduct-api] [main] o.s.s.web.DefaultSecurityFilterChain     : Will secure any request with [org.springframework.security.web.session.DisableEncodeUrlFilter@3431cb1f, org.springframework.security.web.context.request.async.WebAsyncManagerIntegrationFilter@42c9f2cd, org.springframework.security.web.context.SecurityContextHolderFilter@5a983f8a, org.springframework.security.web.header.HeaderWriterFilter@4f96e484, org.springframework.web.filter.CorsFilter@797c67c, org.springframework.security.web.authentication.logout.LogoutFilter@4f5ad6b7, com.at.filter.JwtAuthenticationFilter@20e7152a, org.springframework.security.web.savedrequest.RequestCacheAwareFilter@54c1878b, org.springframework.security.web.servletapi.SecurityContextHolderAwareRequestFilter@27f6e2c3, org.springframework.security.web.authentication.AnonymousAuthenticationFilter@31ce271c, org.springframework.security.web.session.SessionManagementFilter@389fad5b, org.springframework.security.web.access.ExceptionTranslationFilter@74fd5fb0, org.springframework.security.web.access.intercept.AuthorizationFilter@7a4199e5]
2024-09-23T17:06:28.295+03:00  INFO 19464 --- [reproduct-api] [main] o.s.b.w.embedded.tomcat.TomcatWebServer  : Tomcat started on port 8088 (http) with context path ''
2024-09-23T17:06:28.306+03:00  INFO 19464 --- [reproduct-api] [main] com.at.MainApiApplication                : Started MainApiApplication in 5.742 seconds (process running for 6.739)
2024-09-23T17:09:53.051+03:00  INFO 19464 --- [reproduct-api] [http-nio-8088-exec-1] o.a.c.c.C.[Tomcat].[localhost].[/]       : Initializing Spring DispatcherServlet 'dispatcherServlet'
2024-09-23T17:09:53.051+03:00  INFO 19464 --- [reproduct-api] [http-nio-8088-exec-1] o.s.web.servlet.DispatcherServlet        : Initializing Servlet 'dispatcherServlet'
2024-09-23T17:09:53.066+03:00  INFO 19464 --- [reproduct-api] [http-nio-8088-exec-1] o.s.web.servlet.DispatcherServlet        : Completed initialization in 15 ms
2024-09-23T17:09:53.757+03:00  INFO 19464 --- [reproduct-api] [http-nio-8088-exec-2] com.at.filter.LoggingFilter              : REPRODUCT REQUEST: METHOD=POST; URI=/api/v1/auth/signin; REQUEST PAYLOAD={"email":"admin@at.com","password":"password"}; RESPONSE CODE=200; RESPONSE={"token":"eyJhbGciOiJIUzI1NiJ9.eyJzdWIiOiJhZG1pbkBhdC5jb20iLCJpYXQiOjE3MjcxMDA1OTMsImV4cCI6MTcyNzEwNDE5M30.5PAmnNUC3rFM3XAg4YVak4LXcntRqARp5lEfxpO7jjA"}; TIME TAKEN=621
2024-09-23T17:10:16.063+03:00  INFO 19464 --- [reproduct-api] [http-nio-8088-exec-4] com.at.filter.LoggingFilter              : REPRODUCT REQUEST: METHOD=POST; URI=/api/v1/auth/signup; REQUEST PAYLOAD={"name":"annu","email":"annu@b.com","password":"password"}; RESPONSE CODE=201; RESPONSE={"token":"eyJhbGciOiJIUzI1NiJ9.eyJzdWIiOiJhbm51QGIuY29tIiwiaWF0IjoxNzI3MTAwNjE2LCJleHAiOjE3MjcxMDQyMTZ9.Sp5QUvLBhsKeqUWklWStBdugI8AhP8NmVkV6IvEKbXg"}; TIME TAKEN=201
2024-09-23T17:10:31.823+03:00  INFO 19464 --- [reproduct-api] [http-nio-8088-exec-3] com.at.filter.LoggingFilter              : REPRODUCT REQUEST: METHOD=POST; URI=/api/v1/auth/signin; REQUEST PAYLOAD={"email":"annu@b.com","password":"password"}; RESPONSE CODE=200; RESPONSE={"token":"eyJhbGciOiJIUzI1NiJ9.eyJzdWIiOiJhbm51QGIuY29tIiwiaWF0IjoxNzI3MTAwNjMxLCJleHAiOjE3MjcxMDQyMzF9.TsRoOV6C0Gq9zNmjCPBq1_xecxcw4g9OwvJ8rKKMIA4"}; TIME TAKEN=127
2024-09-23T17:10:52.519+03:00  INFO 19464 --- [reproduct-api] [SpringApplicationShutdownHook] j.LocalContainerEntityManagerFactoryBean : Closing JPA EntityManagerFactory for persistence unit 'default'
2024-09-23T17:10:52.519+03:00  INFO 19464 --- [reproduct-api] [SpringApplicationShutdownHook] com.zaxxer.hikari.HikariDataSource       : HikariPool-1 - Shutdown initiated...
2024-09-23T17:10:52.533+03:00  INFO 19464 --- [reproduct-api] [SpringApplicationShutdownHook] com.zaxxer.hikari.HikariDataSource       : HikariPool-1 - Shutdown completed.
